[2020-06-27 09:22:04] [INFO] [chatbot.views] [PID:8562_140614222436096]--> <QueryDict: {'text': ['hi']}>
[2020-06-27 09:22:30] [INFO] [chatbot.views] [PID:8562_140614222436096]--> <QueryDict: {'text': ['asd']}>
[2020-06-27 09:23:54] [INFO] [chatbot.views] [PID:8627_140369024538368]--> <QueryDict: {'text': ['hi']}>
[2020-06-27 09:23:57] [INFO] [chatbot.views] [PID:8627_140369024538368]--> <QueryDict: {'text': ['cat']}>
[2020-06-27 09:24:14] [INFO] [chatbot.views] [PID:8627_140369024538368]--> <QueryDict: {'text': ['Image not provided']}>
[2020-06-27 09:24:17] [INFO] [chatbot.views] [PID:8627_140369024538368]--> <QueryDict: {'text': ['Image not provided']}>
[2020-06-27 09:24:22] [INFO] [chatbot.views] [PID:8627_140368783861504]--> <QueryDict: {'text': ['Image Provided']}>
[2020-06-27 09:24:30] [INFO] [chatbot.views] [PID:8627_140369024538368]--> <QueryDict: {'text': ['start']}>
[2020-06-27 09:24:37] [INFO] [chatbot.views] [PID:8627_140369024538368]--> <QueryDict: {'text': ['asd']}>
[2020-06-27 09:25:31] [INFO] [chatbot.views] [PID:8627_140369024538368]--> <QueryDict: {'text': ['Image Provided']}>
[2020-06-27 09:25:40] [INFO] [chatbot.views] [PID:8627_140369024538368]--> <QueryDict: {'text': ['asd']}>
[2020-06-27 09:25:41] [INFO] [chatbot.views] [PID:8627_140369024538368]--> <QueryDict: {'text': ['Image Provided']}>
[2020-06-27 09:26:22] [INFO] [chatbot.views] [PID:8676_140498333718272]--> <QueryDict: {'text': ['asd']}>
[2020-06-27 09:27:01] [INFO] [chatbot.views] [PID:8676_140498333718272]--> <QueryDict: {'text': ['Image Provided']}>
[2020-06-27 09:27:16] [INFO] [chatbot.views] [PID:8676_140498333718272]--> <QueryDict: {'text': ['asd']}>
[2020-06-27 09:27:31] [INFO] [chatbot.views] [PID:8676_140498333718272]--> <QueryDict: {'text': ['asd']}>
[2020-06-27 09:27:43] [INFO] [chatbot.views] [PID:8676_140498333718272]--> <QueryDict: {'text': ['Image Provided']}>
[2020-06-27 09:27:52] [INFO] [chatbot.views] [PID:8676_140498333718272]--> <QueryDict: {'text': ['asd']}>
[2020-06-27 09:29:13] [INFO] [chatbot.views] [PID:8676_140498333718272]--> <QueryDict: {'text': ['asd']}>
[2020-06-27 09:29:22] [INFO] [chatbot.views] [PID:8676_140498333718272]--> <QueryDict: {'text': ['Image Provided']}>
[2020-06-27 09:31:04] [INFO] [chatbot.views] [PID:8676_140498333718272]--> <QueryDict: {'text': ['asd']}>
[2020-06-27 09:31:11] [INFO] [chatbot.views] [PID:8676_140498333718272]--> <QueryDict: {'text': ['Image Provided']}>
[2020-06-27 09:31:13] [INFO] [chatbot.views] [PID:8676_140498333718272]--> <QueryDict: {'text': ['asd']}>
[2020-06-27 09:31:20] [INFO] [chatbot.views] [PID:8676_140498333718272]--> <QueryDict: {'text': ['asd']}>
[2020-06-27 09:31:27] [INFO] [chatbot.views] [PID:8676_140498333718272]--> <QueryDict: {'text': ['Image Provided']}>
[2020-06-27 09:31:41] [INFO] [chatbot.views] [PID:8676_140498333718272]--> <QueryDict: {'text': ['asd']}>
[2020-06-27 09:32:26] [INFO] [chatbot.views] [PID:8980_140367439025920]--> <QueryDict: {'text': ['asd']}>
[2020-06-27 09:32:26] [INFO] [chatbot.views] [PID:8980_140367439025920]--> 2
[2020-06-27 09:32:38] [INFO] [chatbot.views] [PID:8980_140367439025920]--> <QueryDict: {'text': ['hi']}>
[2020-06-27 09:32:38] [INFO] [chatbot.views] [PID:8980_140367439025920]--> 2
[2020-06-27 09:32:45] [INFO] [chatbot.views] [PID:8980_140367439025920]--> <QueryDict: {'text': ['cat']}>
[2020-06-27 09:32:45] [INFO] [chatbot.views] [PID:8980_140367439025920]--> 1
[2020-06-27 09:37:29] [INFO] [chatbot.views] [PID:9072_139824851179264]--> <QueryDict: {'text': ['hi']}>
[2020-06-27 09:37:48] [INFO] [chatbot.views] [PID:9102_139912410519296]--> <QueryDict: {'text': ['hi']}>
[2020-06-27 09:38:50] [INFO] [chatbot.views] [PID:9119_139862387193600]--> <QueryDict: {'text': ['asd']}>
[2020-06-27 09:39:17] [INFO] [chatbot.views] [PID:9157_140234104764160]--> <QueryDict: {'text': ['hi']}>
[2020-06-27 09:39:17] [INFO] [chatbot.views] [PID:9157_140234104764160]--> 2
[2020-06-27 09:41:02] [INFO] [chatbot.views] [PID:9186_139728936916736]--> <QueryDict: {'text': ['hi']}>
[2020-06-27 09:41:02] [INFO] [chatbot.views] [PID:9186_139728936916736]--> 2
[2020-06-27 09:43:21] [INFO] [chatbot.views] [PID:9233_140666017412864]--> <QueryDict: {'text': ['clear']}>
[2020-06-27 09:43:42] [INFO] [chatbot.views] [PID:9233_140666017412864]--> <QueryDict: {'text': ['hi']}>
[2020-06-27 09:46:28] [INFO] [chatbot.views] [PID:9290_140420284139264]--> <QueryDict: {'text': ['hi']}>
[2020-06-27 09:46:55] [INFO] [chatbot.views] [PID:9331_140321069459200]--> <QueryDict: {'text': ['hi']}>
[2020-06-27 09:47:25] [INFO] [chatbot.views] [PID:9348_140627663771392]--> <QueryDict: {'text': ['hi']}>
[2020-06-27 09:47:25] [INFO] [chatbot.views] [PID:9348_140627663771392]--> hi
[2020-06-27 09:48:04] [INFO] [chatbot.views] [PID:9383_140212594329344]--> <QueryDict: {'text': ['hi']}>
[2020-06-27 09:48:04] [INFO] [chatbot.views] [PID:9383_140212594329344]--> <django.contrib.sessions.backends.db.SessionStore object at 0x7f85c9e857b8>
[2020-06-27 09:48:43] [INFO] [chatbot.views] [PID:9416_139881967146752]--> <QueryDict: {'text': ['fg']}>
[2020-06-27 09:48:43] [INFO] [chatbot.views] [PID:9416_139881967146752]--> 2
[2020-06-27 09:48:53] [INFO] [chatbot.views] [PID:9416_139881967146752]--> <QueryDict: {'text': ['fg']}>
[2020-06-27 09:48:53] [INFO] [chatbot.views] [PID:9416_139881967146752]--> 2
[2020-06-27 09:48:55] [INFO] [chatbot.views] [PID:9416_139881967146752]--> <QueryDict: {'text': ['fg']}>
[2020-06-27 09:48:55] [INFO] [chatbot.views] [PID:9416_139881967146752]--> 2
[2020-06-27 10:23:53] [INFO] [chatbot.views] [PID:9416_139881949574912]--> <QueryDict: {'text': ['hi']}>
[2020-06-27 10:26:08] [INFO] [chatbot.views] [PID:9625_139636147214080]--> <QueryDict: {'text': ['hi']}>
[2020-06-27 10:26:08] [INFO] [chatbot.views] [PID:9625_139636147214080]--> 2
[2020-06-27 10:26:31] [INFO] [chatbot.views] [PID:9648_140272625252096]--> <QueryDict: {'text': ['hi']}>
[2020-06-27 10:26:31] [INFO] [chatbot.views] [PID:9648_140272625252096]--> 2
[2020-06-27 10:27:21] [INFO] [chatbot.views] [PID:9679_140646571988736]--> <QueryDict: {'text': ['hi']}>
[2020-06-27 10:27:21] [INFO] [chatbot.views] [PID:9679_140646571988736]--> 1
[2020-06-27 10:29:41] [INFO] [chatbot.views] [PID:9850_140311143905024]--> <QueryDict: {'text': ['hi']}>
[2020-06-27 10:29:41] [INFO] [chatbot.views] [PID:9850_140311143905024]--> 1
[2020-06-27 10:29:49] [INFO] [chatbot.views] [PID:9850_140311143905024]--> <QueryDict: {'text': ['hi']}>
[2020-06-27 10:29:49] [INFO] [chatbot.views] [PID:9850_140311143905024]--> 1
[2020-06-27 10:32:31] [INFO] [chatbot.views] [PID:9850_140311143905024]--> <QueryDict: {}>
[2020-06-27 10:34:08] [INFO] [chatbot.views] [PID:9850_140311109809920]--> <QueryDict: {'text': ['asd']}>
[2020-06-27 10:34:08] [INFO] [chatbot.views] [PID:9850_140311109809920]--> 1
[2020-06-27 10:34:56] [INFO] [chatbot.views] [PID:10465_140167662688000]--> <QueryDict: {'text': ['hi']}>
[2020-06-27 10:34:56] [INFO] [chatbot.views] [PID:10465_140167662688000]--> 2
[2020-06-27 10:35:48] [INFO] [chatbot.views] [PID:10485_140445382399744]--> <QueryDict: {'text': ['asd']}>
[2020-06-27 10:35:48] [INFO] [chatbot.views] [PID:10485_140445382399744]--> asd
[2020-06-27 10:35:48] [INFO] [chatbot.views] [PID:10485_140445382399744]--> 1
[2020-06-27 10:36:35] [INFO] [chatbot.views] [PID:10525_139769545971456]--> <QueryDict: {'text': ['hi']}>
[2020-06-27 10:36:35] [INFO] [chatbot.views] [PID:10525_139769545971456]--> hi
[2020-06-27 10:36:35] [INFO] [chatbot.views] [PID:10525_139769545971456]--> 2
[2020-06-27 10:36:40] [INFO] [chatbot.views] [PID:10525_139769545971456]--> <QueryDict: {'text': ['cat']}>
[2020-06-27 10:36:40] [INFO] [chatbot.views] [PID:10525_139769545971456]--> cat
[2020-06-27 10:36:40] [INFO] [chatbot.views] [PID:10525_139769545971456]--> 1
[2020-06-27 10:39:57] [INFO] [chatbot.views] [PID:10525_139769528661760]--> <QueryDict: {'text': ['clear']}>
[2020-06-27 10:39:57] [INFO] [chatbot.views] [PID:10525_139769528661760]--> clear
[2020-06-27 10:39:57] [INFO] [chatbot.views] [PID:10525_139769528661760]--> 0
[2020-06-27 10:40:45] [INFO] [chatbot.views] [PID:10706_139677396784896]--> <QueryDict: {'text': ['clear']}>
[2020-06-27 10:40:45] [INFO] [chatbot.views] [PID:10706_139677396784896]--> clear
[2020-06-27 10:40:48] [INFO] [chatbot.views] [PID:10706_139677396784896]--> <QueryDict: {'text': ['Hi']}>
[2020-06-27 10:40:48] [INFO] [chatbot.views] [PID:10706_139677396784896]--> hi
[2020-06-27 10:40:50] [INFO] [chatbot.views] [PID:10706_139677396784896]--> <QueryDict: {'text': ['clear']}>
[2020-06-27 10:40:50] [INFO] [chatbot.views] [PID:10706_139677396784896]--> clear
[2020-06-27 10:40:52] [INFO] [chatbot.views] [PID:10706_139677396784896]--> <QueryDict: {'text': ['Hi']}>
[2020-06-27 10:40:52] [INFO] [chatbot.views] [PID:10706_139677396784896]--> hi
[2020-06-27 10:40:55] [INFO] [chatbot.views] [PID:10706_139677396784896]--> <QueryDict: {'text': ['cat']}>
[2020-06-27 10:40:55] [INFO] [chatbot.views] [PID:10706_139677396784896]--> cat
[2020-06-27 10:41:03] [INFO] [chatbot.views] [PID:10706_139677396784896]--> <QueryDict: {'text': ['Image not provided']}>
[2020-06-27 10:41:03] [INFO] [chatbot.views] [PID:10706_139677396784896]--> image not provided
[2020-06-27 10:41:19] [INFO] [chatbot.views] [PID:10706_139677379213056]--> <QueryDict: {'text': ['Image Provided']}>
[2020-06-27 10:41:19] [INFO] [chatbot.views] [PID:10706_139677379213056]--> image provided
[2020-06-27 10:41:47] [INFO] [chatbot.views] [PID:10706_139677396784896]--> <QueryDict: {'text': ['Image Provided']}>
[2020-06-27 10:41:47] [INFO] [chatbot.views] [PID:10706_139677396784896]--> image provided
[2020-06-27 10:43:40] [INFO] [chatbot.views] [PID:10832_140157303740160]--> <QueryDict: {'text': ['asd']}>
[2020-06-27 10:43:40] [INFO] [chatbot.views] [PID:10832_140157303740160]--> asd
[2020-06-27 10:43:49] [INFO] [chatbot.views] [PID:10832_140157303740160]--> <QueryDict: {'text': ['Image Provided']}>
[2020-06-27 10:43:49] [INFO] [chatbot.views] [PID:10832_140157303740160]--> image provided
[2020-06-27 10:47:23] [INFO] [chatbot.views] [PID:10892_140538878154496]--> <QueryDict: {'text': ['hi']}>
[2020-06-27 10:47:23] [INFO] [chatbot.views] [PID:10892_140538878154496]--> hi
[2020-06-27 10:47:31] [INFO] [chatbot.views] [PID:10892_140538878154496]--> <QueryDict: {'text': ['hi']}>
[2020-06-27 10:47:31] [INFO] [chatbot.views] [PID:10892_140538878154496]--> hi
[2020-06-27 10:47:34] [INFO] [chatbot.views] [PID:10892_140538878154496]--> <QueryDict: {'text': ['hey']}>
[2020-06-27 10:47:34] [INFO] [chatbot.views] [PID:10892_140538878154496]--> hey
[2020-06-27 10:47:37] [INFO] [chatbot.views] [PID:10892_140538878154496]--> <QueryDict: {'text': ['red sweater']}>
[2020-06-27 10:47:37] [INFO] [chatbot.views] [PID:10892_140538878154496]--> red sweater
[2020-06-27 10:49:41] [INFO] [chatbot.views] [PID:10961_140256567056128]--> <QueryDict: {'text': ['hi']}>
[2020-06-27 10:49:41] [INFO] [chatbot.views] [PID:10961_140256567056128]--> hi
[2020-06-27 10:49:41] [INFO] [chatbot.views] [PID:10961_140256567056128]--> hi
What would you like me to recommed you today?
[2020-06-27 10:49:42] [INFO] [chatbot.views] [PID:10961_140256567056128]--> <QueryDict: {'text': ['hi']}>
[2020-06-27 10:49:42] [INFO] [chatbot.views] [PID:10961_140256567056128]--> hi
[2020-06-27 10:49:42] [INFO] [chatbot.views] [PID:10961_140256567056128]--> hi
What would you like me to recommed you today?
[2020-06-27 10:49:45] [INFO] [chatbot.views] [PID:10961_140256567056128]--> <QueryDict: {'text': ['red sca']}>
[2020-06-27 10:49:45] [INFO] [chatbot.views] [PID:10961_140256567056128]--> red sca
[2020-06-27 10:49:45] [INFO] [chatbot.views] [PID:10961_140256567056128]--> You have provided the search term: red sca, now please provide an image
[2020-06-27 10:50:41] [INFO] [chatbot.views] [PID:11005_139809531680512]--> <QueryDict: {'text': ['Image not provided']}>
[2020-06-27 10:50:41] [INFO] [chatbot.views] [PID:11005_139809531680512]--> user: image not provided
[2020-06-27 10:50:41] [INFO] [chatbot.views] [PID:11005_139809531680512]--> bot: You have provided the search term: image not provided, now please provide an image
[2020-06-27 10:51:30] [INFO] [chatbot.views] [PID:11038_140002396886784]--> <QueryDict: {'text': ['clear']}>
[2020-06-27 10:51:30] [INFO] [chatbot.views] [PID:11038_140002396886784]--> user: clear
[2020-06-27 10:51:30] [INFO] [chatbot.views] [PID:11038_140002396886784]--> bot: Search Operation Cleared.
[2020-06-27 10:51:32] [INFO] [chatbot.views] [PID:11038_140002396886784]--> <QueryDict: {'text': ['hi']}>
[2020-06-27 10:51:32] [INFO] [chatbot.views] [PID:11038_140002396886784]--> user: hi
[2020-06-27 10:51:32] [INFO] [chatbot.views] [PID:11038_140002396886784]--> bot: hi
What would you like me to recommed you today?
[2020-06-27 10:51:40] [INFO] [chatbot.views] [PID:11038_140002396886784]--> <QueryDict: {'text': ['red sweater']}>
[2020-06-27 10:51:40] [INFO] [chatbot.views] [PID:11038_140002396886784]--> user: red sweater
[2020-06-27 10:51:40] [INFO] [chatbot.views] [PID:11038_140002396886784]--> bot: You have provided the search term: red sweater, now please provide an image
[2020-06-27 10:51:47] [INFO] [chatbot.views] [PID:11038_140002396886784]--> <QueryDict: {'text': ['Image Provided']}>
[2020-06-27 10:51:47] [INFO] [chatbot.views] [PID:11038_140002396886784]--> user: image provided
[2020-06-27 10:51:47] [INFO] [chatbot.views] [PID:11038_140002396886784]--> bot: You have provided the search term: image provided, now please provide an image
[2020-06-27 10:52:18] [INFO] [chatbot.views] [PID:11079_139997309785856]--> <QueryDict: {'text': ['hi']}>
[2020-06-27 10:52:18] [INFO] [chatbot.views] [PID:11079_139997309785856]--> user: hi
[2020-06-27 10:52:18] [INFO] [chatbot.views] [PID:11079_139997309785856]--> bot: hi
What would you like me to recommed you today?
[2020-06-27 10:52:22] [INFO] [chatbot.views] [PID:11079_139997309785856]--> <QueryDict: {'text': ['hi']}>
[2020-06-27 10:52:22] [INFO] [chatbot.views] [PID:11079_139997309785856]--> user: hi
[2020-06-27 10:52:22] [INFO] [chatbot.views] [PID:11079_139997309785856]--> bot: hi
What would you like me to recommed you today?
[2020-06-27 10:52:24] [INFO] [chatbot.views] [PID:11079_139997309785856]--> <QueryDict: {'text': ['red sweater']}>
[2020-06-27 10:52:24] [INFO] [chatbot.views] [PID:11079_139997309785856]--> user: red sweater
[2020-06-27 10:52:24] [INFO] [chatbot.views] [PID:11079_139997309785856]--> bot: You have provided the search term: red sweater, now please provide an image
[2020-06-27 10:52:30] [INFO] [chatbot.views] [PID:11079_139997309785856]--> <QueryDict: {'text': ['Image Provided']}>
[2020-06-27 10:52:30] [INFO] [chatbot.views] [PID:11079_139997309785856]--> user: image provided
[2020-06-27 10:52:30] [INFO] [chatbot.views] [PID:11079_139997309785856]--> bot: Type start to begin
[2020-06-27 10:52:33] [INFO] [chatbot.views] [PID:11079_139997309785856]--> <QueryDict: {'text': ['start']}>
[2020-06-27 10:52:33] [INFO] [chatbot.views] [PID:11079_139997309785856]--> user: start
[2020-06-27 10:52:33] [INFO] [chatbot.views] [PID:11079_139997309785856]--> bot: Processing Starting. We will inform you once completed
[2020-06-27 10:52:44] [INFO] [chatbot.views] [PID:11079_139997309785856]--> <QueryDict: {'text': ['hi']}>
[2020-06-27 10:52:44] [INFO] [chatbot.views] [PID:11079_139997309785856]--> user: hi
[2020-06-27 10:52:44] [INFO] [chatbot.views] [PID:11079_139997309785856]--> bot: hi
What would you like me to recommed you today?
[2020-06-27 10:53:25] [INFO] [chatbot.views] [PID:11079_139997309785856]--> <QueryDict: {'text': ['start']}>
[2020-06-27 10:53:25] [INFO] [chatbot.views] [PID:11079_139997309785856]--> user: start
[2020-06-27 10:53:25] [INFO] [chatbot.views] [PID:11079_139997309785856]--> bot: Processing Starting. We will inform you once completed
[2020-06-27 10:53:31] [INFO] [chatbot.views] [PID:11079_139997309785856]--> <QueryDict: {'text': ['start']}>
[2020-06-27 10:53:31] [INFO] [chatbot.views] [PID:11079_139997309785856]--> user: start
[2020-06-27 10:53:31] [INFO] [chatbot.views] [PID:11079_139997309785856]--> bot: Processing Starting. We will inform you once completed
[2020-06-27 10:54:19] [INFO] [chatbot.views] [PID:11132_139925958874880]--> <QueryDict: {'text': ['start']}>
[2020-06-27 10:54:19] [INFO] [chatbot.views] [PID:11132_139925958874880]--> user: start
[2020-06-27 10:54:19] [INFO] [chatbot.views] [PID:11132_139925958874880]--> user: 1
[2020-06-27 10:54:19] [INFO] [chatbot.views] [PID:11132_139925958874880]--> bot: Processing Starting. We will inform you once completed
[2020-06-27 10:54:28] [INFO] [chatbot.views] [PID:11132_139925958874880]--> <QueryDict: {'text': ['start']}>
[2020-06-27 10:54:28] [INFO] [chatbot.views] [PID:11132_139925958874880]--> user: start
[2020-06-27 10:54:28] [INFO] [chatbot.views] [PID:11132_139925958874880]--> user: 1
[2020-06-27 10:54:28] [INFO] [chatbot.views] [PID:11132_139925958874880]--> bot: Processing Starting. We will inform you once completed
[2020-06-27 10:55:55] [INFO] [chatbot.views] [PID:11160_139973760079616]--> <QueryDict: {'text': ['hi']}>
[2020-06-27 10:55:55] [INFO] [chatbot.views] [PID:11160_139973760079616]--> user: hi
[2020-06-27 10:55:55] [INFO] [chatbot.views] [PID:11160_139973760079616]--> user: 1
[2020-06-27 10:55:55] [INFO] [chatbot.views] [PID:11160_139973760079616]--> bot: hi
What would you like me to recommed you today?
[2020-06-27 10:55:58] [INFO] [chatbot.views] [PID:11160_139973760079616]--> <QueryDict: {'text': ['red']}>
[2020-06-27 10:55:58] [INFO] [chatbot.views] [PID:11160_139973760079616]--> user: red
[2020-06-27 10:55:58] [INFO] [chatbot.views] [PID:11160_139973760079616]--> user: 1
[2020-06-27 10:55:58] [INFO] [chatbot.views] [PID:11160_139973760079616]--> bot: You have provided the search term: red, now please provide an image
[2020-06-27 10:56:03] [INFO] [chatbot.views] [PID:11160_139973760079616]--> <QueryDict: {'text': ['Image not provided']}>
[2020-06-27 10:56:03] [INFO] [chatbot.views] [PID:11160_139973760079616]--> user: image not provided
[2020-06-27 10:56:03] [INFO] [chatbot.views] [PID:11160_139973760079616]--> user: 2
[2020-06-27 10:56:03] [INFO] [chatbot.views] [PID:11160_139973760079616]--> bot: Please provide an image to continue. Applicable exntesions are png, jpg, jpeg
[2020-06-27 10:56:13] [INFO] [chatbot.views] [PID:11160_139973742769920]--> <QueryDict: {'text': ['Image Provided']}>
[2020-06-27 10:56:13] [INFO] [chatbot.views] [PID:11160_139973742769920]--> user: image provided
[2020-06-27 10:56:13] [INFO] [chatbot.views] [PID:11160_139973742769920]--> user: 2
[2020-06-27 10:56:13] [INFO] [chatbot.views] [PID:11160_139973742769920]--> bot: Type start to begin
[2020-06-27 10:56:17] [INFO] [chatbot.views] [PID:11160_139973760079616]--> <QueryDict: {'text': ['start']}>
[2020-06-27 10:56:17] [INFO] [chatbot.views] [PID:11160_139973760079616]--> user: start
[2020-06-27 10:56:17] [INFO] [chatbot.views] [PID:11160_139973760079616]--> user: 2
[2020-06-27 10:56:17] [INFO] [chatbot.views] [PID:11160_139973760079616]--> bot: You have provided the search term: start, now please provide an image
[2020-06-27 10:56:56] [INFO] [chatbot.views] [PID:11220_140653168023296]--> <QueryDict: {'text': ['clear']}>
[2020-06-27 10:56:56] [INFO] [chatbot.views] [PID:11220_140653168023296]--> user: clear
[2020-06-27 10:56:56] [INFO] [chatbot.views] [PID:11220_140653168023296]--> user: 2
[2020-06-27 10:56:56] [INFO] [chatbot.views] [PID:11220_140653168023296]--> bot: Search Operation Cleared.
[2020-06-27 10:56:59] [INFO] [chatbot.views] [PID:11220_140653168023296]--> <QueryDict: {'text': ['cas']}>
[2020-06-27 10:56:59] [INFO] [chatbot.views] [PID:11220_140653168023296]--> user: cas
[2020-06-27 10:56:59] [INFO] [chatbot.views] [PID:11220_140653168023296]--> user: 0
[2020-06-27 10:56:59] [INFO] [chatbot.views] [PID:11220_140653168023296]--> bot: You have provided the search term: cas, now please provide an image
[2020-06-27 10:57:07] [INFO] [chatbot.views] [PID:11220_140653142320896]--> <QueryDict: {'text': ['Image Provided']}>
[2020-06-27 10:57:07] [INFO] [chatbot.views] [PID:11220_140653142320896]--> user: image provided
[2020-06-27 10:57:07] [INFO] [chatbot.views] [PID:11220_140653142320896]--> user: 2
[2020-06-27 10:57:07] [INFO] [chatbot.views] [PID:11220_140653142320896]--> bot: Type start to begin
[2020-06-27 10:57:11] [INFO] [chatbot.views] [PID:11220_140653168023296]--> <QueryDict: {'text': ['no']}>
[2020-06-27 10:57:11] [INFO] [chatbot.views] [PID:11220_140653168023296]--> user: no
[2020-06-27 10:57:11] [INFO] [chatbot.views] [PID:11220_140653168023296]--> user: 2
[2020-06-27 10:57:11] [INFO] [chatbot.views] [PID:11220_140653168023296]--> bot: You have provided the search term: no, now please provide an image
[2020-06-27 10:57:53] [INFO] [chatbot.views] [PID:11247_140430567888640]--> <QueryDict: {'text': ['end']}>
[2020-06-27 10:57:53] [INFO] [chatbot.views] [PID:11247_140430567888640]--> user: end
[2020-06-27 10:57:53] [INFO] [chatbot.views] [PID:11247_140430567888640]--> user: 2
[2020-06-27 10:57:53] [INFO] [chatbot.views] [PID:11247_140430567888640]--> bot: Search Operation Cleared.
[2020-06-27 10:58:35] [INFO] [chatbot.views] [PID:11295_140096164222720]--> <QueryDict: {'text': ['exit']}>
[2020-06-27 10:58:35] [INFO] [chatbot.views] [PID:11295_140096164222720]--> user: exit
[2020-06-27 10:58:35] [INFO] [chatbot.views] [PID:11295_140096164222720]--> user: 0
[2020-06-27 10:58:35] [INFO] [chatbot.views] [PID:11295_140096164222720]--> bot: Search Operation exit.
[2020-06-27 10:58:38] [INFO] [chatbot.views] [PID:11295_140096164222720]--> <QueryDict: {'text': ['asd']}>
[2020-06-27 10:58:38] [INFO] [chatbot.views] [PID:11295_140096164222720]--> user: asd
[2020-06-27 10:58:38] [INFO] [chatbot.views] [PID:11295_140096164222720]--> user: 0
[2020-06-27 10:58:38] [INFO] [chatbot.views] [PID:11295_140096164222720]--> bot: You have provided the search term: asd, now please provide an image
[2020-06-27 10:58:44] [INFO] [chatbot.views] [PID:11295_140096164222720]--> <QueryDict: {'text': ['Image not provided']}>
[2020-06-27 10:58:44] [INFO] [chatbot.views] [PID:11295_140096164222720]--> user: image not provided
[2020-06-27 10:58:44] [INFO] [chatbot.views] [PID:11295_140096164222720]--> user: 2
[2020-06-27 10:58:44] [INFO] [chatbot.views] [PID:11295_140096164222720]--> bot: Please provide an image to continue. Applicable exntesions are png, jpg, jpeg
[2020-06-27 10:58:46] [INFO] [chatbot.views] [PID:11295_140096164222720]--> <QueryDict: {'text': ['Image not provided']}>
[2020-06-27 10:58:46] [INFO] [chatbot.views] [PID:11295_140096164222720]--> user: image not provided
[2020-06-27 10:58:46] [INFO] [chatbot.views] [PID:11295_140096164222720]--> user: 2
[2020-06-27 10:58:46] [INFO] [chatbot.views] [PID:11295_140096164222720]--> bot: Please provide an image to continue. Applicable exntesions are png, jpg, jpeg
[2020-06-27 10:58:55] [INFO] [chatbot.views] [PID:11295_140096164222720]--> <QueryDict: {'text': ['Image Provided']}>
[2020-06-27 10:58:55] [INFO] [chatbot.views] [PID:11295_140096164222720]--> user: image provided
[2020-06-27 10:58:55] [INFO] [chatbot.views] [PID:11295_140096164222720]--> user: 2
[2020-06-27 10:58:55] [INFO] [chatbot.views] [PID:11295_140096164222720]--> bot: Type start to begin
[2020-06-27 10:59:00] [INFO] [chatbot.views] [PID:11295_140096164222720]--> <QueryDict: {'text': ['clear']}>
[2020-06-27 10:59:00] [INFO] [chatbot.views] [PID:11295_140096164222720]--> user: clear
[2020-06-27 10:59:00] [INFO] [chatbot.views] [PID:11295_140096164222720]--> user: 2
[2020-06-27 10:59:00] [INFO] [chatbot.views] [PID:11295_140096164222720]--> bot: Search Operation clear.
[2020-06-27 10:59:02] [INFO] [chatbot.views] [PID:11295_140096164222720]--> <QueryDict: {'text': ['asd']}>
[2020-06-27 10:59:02] [INFO] [chatbot.views] [PID:11295_140096164222720]--> user: asd
[2020-06-27 10:59:02] [INFO] [chatbot.views] [PID:11295_140096164222720]--> user: 0
[2020-06-27 10:59:02] [INFO] [chatbot.views] [PID:11295_140096164222720]--> bot: You have provided the search term: asd, now please provide an image
[2020-06-27 10:59:10] [INFO] [chatbot.views] [PID:11295_140096164222720]--> <QueryDict: {'text': ['Image Provided']}>
[2020-06-27 10:59:10] [INFO] [chatbot.views] [PID:11295_140096164222720]--> user: image provided
[2020-06-27 10:59:10] [INFO] [chatbot.views] [PID:11295_140096164222720]--> user: 2
[2020-06-27 10:59:10] [INFO] [chatbot.views] [PID:11295_140096164222720]--> bot: Type start to begin
[2020-06-27 10:59:17] [INFO] [chatbot.views] [PID:11295_140096164222720]--> <QueryDict: {'text': ['start']}>
[2020-06-27 10:59:17] [INFO] [chatbot.views] [PID:11295_140096164222720]--> user: start
[2020-06-27 10:59:17] [INFO] [chatbot.views] [PID:11295_140096164222720]--> user: 2
[2020-06-27 10:59:17] [INFO] [chatbot.views] [PID:11295_140096164222720]--> bot: Processing Starting. We will inform you once completed
[2020-06-27 10:59:20] [INFO] [chatbot.views] [PID:11295_140096164222720]--> <QueryDict: {'text': ['hi']}>
[2020-06-27 10:59:20] [INFO] [chatbot.views] [PID:11295_140096164222720]--> user: hi
[2020-06-27 10:59:20] [INFO] [chatbot.views] [PID:11295_140096164222720]--> user: 2
[2020-06-27 10:59:20] [INFO] [chatbot.views] [PID:11295_140096164222720]--> bot: hi
What would you like me to recommed you today?
[2020-06-27 10:59:36] [INFO] [chatbot.views] [PID:11295_140096164222720]--> <QueryDict: {'text': ['start']}>
[2020-06-27 10:59:36] [INFO] [chatbot.views] [PID:11295_140096164222720]--> user: start
[2020-06-27 10:59:36] [INFO] [chatbot.views] [PID:11295_140096164222720]--> user: 1
[2020-06-27 10:59:36] [INFO] [chatbot.views] [PID:11295_140096164222720]--> bot: Processing Starting. We will inform you once completed
[2020-06-27 11:04:12] [INFO] [chatbot.views] [PID:11474_140605983282944]--> <QueryDict: {'text': ['hi']}>
[2020-06-27 11:04:12] [INFO] [chatbot.views] [PID:11474_140605983282944]--> user: hi
[2020-06-27 11:04:12] [INFO] [chatbot.views] [PID:11474_140605983282944]--> user: 1
[2020-06-27 11:04:16] [INFO] [chatbot.views] [PID:11474_140605983282944]--> <QueryDict: {'text': ['cat']}>
[2020-06-27 11:04:16] [INFO] [chatbot.views] [PID:11474_140605983282944]--> user: cat
[2020-06-27 11:04:16] [INFO] [chatbot.views] [PID:11474_140605983282944]--> user: 1
[2020-06-27 11:05:26] [INFO] [chatbot.views] [PID:11518_139716377040640]--> <QueryDict: {'text': ['hi']}>
[2020-06-27 11:05:26] [INFO] [chatbot.views] [PID:11518_139716377040640]--> user: hi
[2020-06-27 11:05:26] [INFO] [chatbot.views] [PID:11518_139716377040640]--> user: user_stage: 1
[2020-06-27 11:08:04] [INFO] [chatbot.views] [PID:11576_140067386939136]--> <QueryDict: {'text': ['hi']}>
[2020-06-27 11:08:04] [INFO] [chatbot.views] [PID:11576_140067386939136]--> user: hi
[2020-06-27 11:08:04] [INFO] [chatbot.views] [PID:11576_140067386939136]--> user: user_stage: 1
[2020-06-27 11:08:04] [INFO] [chatbot.views] [PID:11576_140067386939136]--> user: user_process_running: False
[2020-06-27 11:08:04] [INFO] [chatbot.views] [PID:11576_140067386939136]--> bot: hi
What would you like me to recommed you today?
[2020-06-27 11:08:08] [INFO] [chatbot.views] [PID:11576_140067386939136]--> <QueryDict: {'text': ['cat']}>
[2020-06-27 11:08:08] [INFO] [chatbot.views] [PID:11576_140067386939136]--> user: cat
[2020-06-27 11:08:08] [INFO] [chatbot.views] [PID:11576_140067386939136]--> user: user_stage: 1
[2020-06-27 11:08:08] [INFO] [chatbot.views] [PID:11576_140067386939136]--> user: user_process_running: False
[2020-06-27 11:08:08] [INFO] [chatbot.views] [PID:11576_140067386939136]--> bot: You have provided the search term: cat, now please provide an image
[2020-06-27 11:08:16] [INFO] [chatbot.views] [PID:11576_140067386939136]--> <QueryDict: {'text': ['Image Provided']}>
[2020-06-27 11:08:16] [INFO] [chatbot.views] [PID:11576_140067386939136]--> user: image provided
[2020-06-27 11:08:16] [INFO] [chatbot.views] [PID:11576_140067386939136]--> user: user_stage: 2
[2020-06-27 11:08:16] [INFO] [chatbot.views] [PID:11576_140067386939136]--> user: user_process_running: False
[2020-06-27 11:08:16] [INFO] [chatbot.views] [PID:11576_140067386939136]--> bot: Type start to begin
[2020-06-27 11:08:19] [INFO] [chatbot.views] [PID:11576_140067386939136]--> <QueryDict: {'text': ['clear']}>
[2020-06-27 11:08:19] [INFO] [chatbot.views] [PID:11576_140067386939136]--> user: clear
[2020-06-27 11:08:19] [INFO] [chatbot.views] [PID:11576_140067386939136]--> user: user_stage: 0
[2020-06-27 11:08:19] [INFO] [chatbot.views] [PID:11576_140067386939136]--> user: user_process_running: False
[2020-06-27 11:08:19] [INFO] [chatbot.views] [PID:11576_140067386939136]--> bot: Search Operation clear.
[2020-06-27 11:08:22] [INFO] [chatbot.views] [PID:11576_140067386939136]--> <QueryDict: {'text': ['asd']}>
[2020-06-27 11:08:22] [INFO] [chatbot.views] [PID:11576_140067386939136]--> user: asd
[2020-06-27 11:08:22] [INFO] [chatbot.views] [PID:11576_140067386939136]--> user: user_stage: 0
[2020-06-27 11:08:22] [INFO] [chatbot.views] [PID:11576_140067386939136]--> user: user_process_running: False
[2020-06-27 11:08:22] [INFO] [chatbot.views] [PID:11576_140067386939136]--> bot: You have provided the search term: asd, now please provide an image
[2020-06-27 11:08:24] [INFO] [chatbot.views] [PID:11576_140067386939136]--> <QueryDict: {'text': ['Image Provided']}>
[2020-06-27 11:08:24] [INFO] [chatbot.views] [PID:11576_140067386939136]--> user: image provided
[2020-06-27 11:08:24] [INFO] [chatbot.views] [PID:11576_140067386939136]--> user: user_stage: 2
[2020-06-27 11:08:24] [INFO] [chatbot.views] [PID:11576_140067386939136]--> user: user_process_running: False
[2020-06-27 11:08:24] [INFO] [chatbot.views] [PID:11576_140067386939136]--> bot: Type start to begin
[2020-06-27 11:08:26] [INFO] [chatbot.views] [PID:11576_140067386939136]--> <QueryDict: {'text': ['clear']}>
[2020-06-27 11:08:26] [INFO] [chatbot.views] [PID:11576_140067386939136]--> user: clear
[2020-06-27 11:08:26] [INFO] [chatbot.views] [PID:11576_140067386939136]--> user: user_stage: 0
[2020-06-27 11:08:26] [INFO] [chatbot.views] [PID:11576_140067386939136]--> user: user_process_running: False
[2020-06-27 11:08:26] [INFO] [chatbot.views] [PID:11576_140067386939136]--> bot: Search Operation clear.
[2020-06-27 11:08:27] [INFO] [chatbot.views] [PID:11576_140067386939136]--> <QueryDict: {'text': ['hi']}>
[2020-06-27 11:08:27] [INFO] [chatbot.views] [PID:11576_140067386939136]--> user: hi
[2020-06-27 11:08:27] [INFO] [chatbot.views] [PID:11576_140067386939136]--> user: user_stage: 0
[2020-06-27 11:08:27] [INFO] [chatbot.views] [PID:11576_140067386939136]--> user: user_process_running: False
[2020-06-27 11:08:27] [INFO] [chatbot.views] [PID:11576_140067386939136]--> bot: hi
What would you like me to recommed you today?
[2020-06-27 11:08:30] [INFO] [chatbot.views] [PID:11576_140067386939136]--> <QueryDict: {'text': ['asd']}>
[2020-06-27 11:08:30] [INFO] [chatbot.views] [PID:11576_140067386939136]--> user: asd
[2020-06-27 11:08:30] [INFO] [chatbot.views] [PID:11576_140067386939136]--> user: user_stage: 1
[2020-06-27 11:08:30] [INFO] [chatbot.views] [PID:11576_140067386939136]--> user: user_process_running: False
[2020-06-27 11:08:30] [INFO] [chatbot.views] [PID:11576_140067386939136]--> bot: You have provided the search term: asd, now please provide an image
[2020-06-27 11:08:32] [INFO] [chatbot.views] [PID:11576_140067386939136]--> <QueryDict: {'text': ['Image Provided']}>
[2020-06-27 11:08:32] [INFO] [chatbot.views] [PID:11576_140067386939136]--> user: image provided
[2020-06-27 11:08:32] [INFO] [chatbot.views] [PID:11576_140067386939136]--> user: user_stage: 2
[2020-06-27 11:08:32] [INFO] [chatbot.views] [PID:11576_140067386939136]--> user: user_process_running: False
[2020-06-27 11:08:32] [INFO] [chatbot.views] [PID:11576_140067386939136]--> bot: Type start to begin
[2020-06-27 11:08:41] [INFO] [chatbot.views] [PID:11576_140067386939136]--> <QueryDict: {'text': ['clear']}>
[2020-06-27 11:08:41] [INFO] [chatbot.views] [PID:11576_140067386939136]--> user: clear
[2020-06-27 11:08:41] [INFO] [chatbot.views] [PID:11576_140067386939136]--> user: user_stage: 0
[2020-06-27 11:08:41] [INFO] [chatbot.views] [PID:11576_140067386939136]--> user: user_process_running: False
[2020-06-27 11:08:41] [INFO] [chatbot.views] [PID:11576_140067386939136]--> bot: Search Operation clear.
[2020-06-27 11:08:43] [INFO] [chatbot.views] [PID:11576_140067386939136]--> <QueryDict: {'text': ['hi']}>
[2020-06-27 11:08:43] [INFO] [chatbot.views] [PID:11576_140067386939136]--> user: hi
[2020-06-27 11:08:43] [INFO] [chatbot.views] [PID:11576_140067386939136]--> user: user_stage: 0
[2020-06-27 11:08:43] [INFO] [chatbot.views] [PID:11576_140067386939136]--> user: user_process_running: False
[2020-06-27 11:08:43] [INFO] [chatbot.views] [PID:11576_140067386939136]--> bot: hi
What would you like me to recommed you today?
[2020-06-27 11:08:44] [INFO] [chatbot.views] [PID:11576_140067386939136]--> <QueryDict: {'text': ['clear']}>
[2020-06-27 11:08:44] [INFO] [chatbot.views] [PID:11576_140067386939136]--> user: clear
[2020-06-27 11:08:44] [INFO] [chatbot.views] [PID:11576_140067386939136]--> user: user_stage: 0
[2020-06-27 11:08:44] [INFO] [chatbot.views] [PID:11576_140067386939136]--> user: user_process_running: False
[2020-06-27 11:08:44] [INFO] [chatbot.views] [PID:11576_140067386939136]--> bot: Search Operation clear.
[2020-06-27 11:08:46] [INFO] [chatbot.views] [PID:11576_140067386939136]--> <QueryDict: {'text': ['asd']}>
[2020-06-27 11:08:46] [INFO] [chatbot.views] [PID:11576_140067386939136]--> user: asd
[2020-06-27 11:08:46] [INFO] [chatbot.views] [PID:11576_140067386939136]--> user: user_stage: 0
[2020-06-27 11:08:46] [INFO] [chatbot.views] [PID:11576_140067386939136]--> user: user_process_running: False
[2020-06-27 11:08:46] [INFO] [chatbot.views] [PID:11576_140067386939136]--> bot: You have provided the search term: asd, now please provide an image
[2020-06-27 11:08:48] [INFO] [chatbot.views] [PID:11576_140067386939136]--> <QueryDict: {'text': ['Image Provided']}>
[2020-06-27 11:08:48] [INFO] [chatbot.views] [PID:11576_140067386939136]--> user: image provided
[2020-06-27 11:08:48] [INFO] [chatbot.views] [PID:11576_140067386939136]--> user: user_stage: 2
[2020-06-27 11:08:48] [INFO] [chatbot.views] [PID:11576_140067386939136]--> user: user_process_running: False
[2020-06-27 11:08:48] [INFO] [chatbot.views] [PID:11576_140067386939136]--> bot: Type start to begin
[2020-06-27 11:08:50] [INFO] [chatbot.views] [PID:11576_140067386939136]--> <QueryDict: {'text': ['start']}>
[2020-06-27 11:08:50] [INFO] [chatbot.views] [PID:11576_140067386939136]--> user: start
[2020-06-27 11:08:50] [INFO] [chatbot.views] [PID:11576_140067386939136]--> user: user_stage: 2
[2020-06-27 11:08:50] [INFO] [chatbot.views] [PID:11576_140067386939136]--> user: user_process_running: False
[2020-06-27 11:08:50] [INFO] [chatbot.views] [PID:11576_140067386939136]--> bot: Processing Starting. We will inform you once completed
[2020-06-27 11:08:56] [INFO] [chatbot.views] [PID:11576_140067386939136]--> <QueryDict: {'text': ['hi']}>
[2020-06-27 11:08:56] [INFO] [chatbot.views] [PID:11576_140067386939136]--> user: hi
[2020-06-27 11:08:56] [INFO] [chatbot.views] [PID:11576_140067386939136]--> user: user_stage: 2
[2020-06-27 11:08:56] [INFO] [chatbot.views] [PID:11576_140067386939136]--> user: user_process_running: False
[2020-06-27 11:08:56] [INFO] [chatbot.views] [PID:11576_140067386939136]--> bot: hi
What would you like me to recommed you today?
[2020-06-27 11:10:13] [INFO] [chatbot.views] [PID:11638_140346577909504]--> <QueryDict: {'text': ['hi']}>
[2020-06-27 11:10:13] [INFO] [chatbot.views] [PID:11638_140346577909504]--> user: hi
[2020-06-27 11:10:13] [INFO] [chatbot.views] [PID:11638_140346577909504]--> user: user_stage: 1
[2020-06-27 11:10:13] [INFO] [chatbot.views] [PID:11638_140346577909504]--> user: user_process_running: False
[2020-06-27 11:10:13] [INFO] [chatbot.views] [PID:11638_140346577909504]--> bot: hi
What would you like me to recommed you today?
[2020-06-27 11:10:16] [INFO] [chatbot.views] [PID:11638_140346577909504]--> <QueryDict: {'text': ['clear']}>
[2020-06-27 11:10:16] [INFO] [chatbot.views] [PID:11638_140346577909504]--> user: clear
[2020-06-27 11:10:16] [INFO] [chatbot.views] [PID:11638_140346577909504]--> user: user_stage: 0
[2020-06-27 11:10:16] [INFO] [chatbot.views] [PID:11638_140346577909504]--> user: user_process_running: False
[2020-06-27 11:10:16] [INFO] [chatbot.views] [PID:11638_140346577909504]--> bot: Search Operation clear.
[2020-06-27 11:10:16] [INFO] [chatbot.views] [PID:11638_140346577909504]--> <QueryDict: {'text': ['asd']}>
[2020-06-27 11:10:16] [INFO] [chatbot.views] [PID:11638_140346577909504]--> user: asd
[2020-06-27 11:10:16] [INFO] [chatbot.views] [PID:11638_140346577909504]--> user: user_stage: 0
[2020-06-27 11:10:16] [INFO] [chatbot.views] [PID:11638_140346577909504]--> user: user_process_running: False
[2020-06-27 11:10:16] [INFO] [chatbot.views] [PID:11638_140346577909504]--> bot: You have provided the search term: asd, now please provide an image
[2020-06-27 11:10:23] [INFO] [chatbot.views] [PID:11638_140346577909504]--> <QueryDict: {'text': ['Image Provided']}>
[2020-06-27 11:10:23] [INFO] [chatbot.views] [PID:11638_140346577909504]--> user: image provided
[2020-06-27 11:10:23] [INFO] [chatbot.views] [PID:11638_140346577909504]--> user: user_stage: 2
[2020-06-27 11:10:23] [INFO] [chatbot.views] [PID:11638_140346577909504]--> user: user_process_running: False
[2020-06-27 11:10:23] [INFO] [chatbot.views] [PID:11638_140346577909504]--> bot: Type start to begin
[2020-06-27 11:10:26] [INFO] [chatbot.views] [PID:11638_140346577909504]--> <QueryDict: {'text': ['clear']}>
[2020-06-27 11:10:26] [INFO] [chatbot.views] [PID:11638_140346577909504]--> user: clear
[2020-06-27 11:10:26] [INFO] [chatbot.views] [PID:11638_140346577909504]--> user: user_stage: 0
[2020-06-27 11:10:26] [INFO] [chatbot.views] [PID:11638_140346577909504]--> user: user_process_running: False
[2020-06-27 11:10:26] [INFO] [chatbot.views] [PID:11638_140346577909504]--> bot: Search Operation clear.
[2020-06-27 11:10:28] [INFO] [chatbot.views] [PID:11638_140346577909504]--> <QueryDict: {'text': ['cat']}>
[2020-06-27 11:10:28] [INFO] [chatbot.views] [PID:11638_140346577909504]--> user: cat
[2020-06-27 11:10:28] [INFO] [chatbot.views] [PID:11638_140346577909504]--> user: user_stage: 0
[2020-06-27 11:10:28] [INFO] [chatbot.views] [PID:11638_140346577909504]--> user: user_process_running: False
[2020-06-27 11:10:28] [INFO] [chatbot.views] [PID:11638_140346577909504]--> bot: You have provided the search term: cat, now please provide an image
[2020-06-27 11:10:29] [INFO] [chatbot.views] [PID:11638_140346577909504]--> <QueryDict: {'text': ['Image Provided']}>
[2020-06-27 11:10:29] [INFO] [chatbot.views] [PID:11638_140346577909504]--> user: image provided
[2020-06-27 11:10:29] [INFO] [chatbot.views] [PID:11638_140346577909504]--> user: user_stage: 2
[2020-06-27 11:10:29] [INFO] [chatbot.views] [PID:11638_140346577909504]--> user: user_process_running: False
[2020-06-27 11:10:29] [INFO] [chatbot.views] [PID:11638_140346577909504]--> bot: Type start to begin
[2020-06-27 11:10:31] [INFO] [chatbot.views] [PID:11638_140346577909504]--> <QueryDict: {'text': ['start']}>
[2020-06-27 11:10:31] [INFO] [chatbot.views] [PID:11638_140346577909504]--> user: start
[2020-06-27 11:10:31] [INFO] [chatbot.views] [PID:11638_140346577909504]--> user: user_stage: 2
[2020-06-27 11:10:31] [INFO] [chatbot.views] [PID:11638_140346577909504]--> user: user_process_running: False
[2020-06-27 11:10:31] [INFO] [chatbot.views] [PID:11638_140346577909504]--> bot: Processing Starting. We will inform you once completed
[2020-06-27 11:10:34] [INFO] [chatbot.views] [PID:11638_140346577909504]--> <QueryDict: {'text': ['hi']}>
[2020-06-27 11:10:34] [INFO] [chatbot.views] [PID:11638_140346577909504]--> user: hi
[2020-06-27 11:10:34] [INFO] [chatbot.views] [PID:11638_140346577909504]--> user: user_stage: 2
[2020-06-27 11:10:34] [INFO] [chatbot.views] [PID:11638_140346577909504]--> user: user_process_running: False
[2020-06-27 11:10:34] [INFO] [chatbot.views] [PID:11638_140346577909504]--> bot: hi
What would you like me to recommed you today?
[2020-06-27 11:11:18] [INFO] [chatbot.views] [PID:11691_140703217604352]--> <QueryDict: {'text': ['asd']}>
[2020-06-27 11:11:18] [INFO] [chatbot.views] [PID:11691_140703217604352]--> user: asd
[2020-06-27 11:11:18] [INFO] [chatbot.views] [PID:11691_140703217604352]--> user: user_stage: 1
[2020-06-27 11:11:18] [INFO] [chatbot.views] [PID:11691_140703217604352]--> user: user_process_running: False
[2020-06-27 11:11:18] [INFO] [chatbot.views] [PID:11691_140703217604352]--> bot: You have provided the search term: asd, now please provide an image
[2020-06-27 11:11:23] [INFO] [chatbot.views] [PID:11691_140703217604352]--> <QueryDict: {'text': ['Image not provided']}>
[2020-06-27 11:11:23] [INFO] [chatbot.views] [PID:11691_140703217604352]--> user: image not provided
[2020-06-27 11:11:23] [INFO] [chatbot.views] [PID:11691_140703217604352]--> user: user_stage: 2
[2020-06-27 11:11:23] [INFO] [chatbot.views] [PID:11691_140703217604352]--> user: user_process_running: False
[2020-06-27 11:11:23] [INFO] [chatbot.views] [PID:11691_140703217604352]--> bot: Please provide an image to continue. Applicable exntesions are png, jpg, jpeg
[2020-06-27 11:11:26] [INFO] [chatbot.views] [PID:11691_140703217604352]--> <QueryDict: {'text': ['Image Provided']}>
[2020-06-27 11:11:26] [INFO] [chatbot.views] [PID:11691_140703217604352]--> user: image provided
[2020-06-27 11:11:26] [INFO] [chatbot.views] [PID:11691_140703217604352]--> user: user_stage: 2
[2020-06-27 11:11:26] [INFO] [chatbot.views] [PID:11691_140703217604352]--> user: user_process_running: False
[2020-06-27 11:11:26] [INFO] [chatbot.views] [PID:11691_140703217604352]--> bot: Type start to begin
[2020-06-27 11:11:29] [INFO] [chatbot.views] [PID:11691_140703217604352]--> <QueryDict: {'text': ['clear']}>
[2020-06-27 11:11:29] [INFO] [chatbot.views] [PID:11691_140703217604352]--> user: clear
[2020-06-27 11:11:29] [INFO] [chatbot.views] [PID:11691_140703217604352]--> user: user_stage: 0
[2020-06-27 11:11:29] [INFO] [chatbot.views] [PID:11691_140703217604352]--> user: user_process_running: False
[2020-06-27 11:11:29] [INFO] [chatbot.views] [PID:11691_140703217604352]--> bot: Search Operation clear.
[2020-06-27 11:11:31] [INFO] [chatbot.views] [PID:11691_140703217604352]--> <QueryDict: {'text': ['asd']}>
[2020-06-27 11:11:31] [INFO] [chatbot.views] [PID:11691_140703217604352]--> user: asd
[2020-06-27 11:11:31] [INFO] [chatbot.views] [PID:11691_140703217604352]--> user: user_stage: 0
[2020-06-27 11:11:31] [INFO] [chatbot.views] [PID:11691_140703217604352]--> user: user_process_running: False
[2020-06-27 11:11:31] [INFO] [chatbot.views] [PID:11691_140703217604352]--> bot: You have provided the search term: asd, now please provide an image
[2020-06-27 11:11:32] [INFO] [chatbot.views] [PID:11691_140703217604352]--> <QueryDict: {'text': ['Image Provided']}>
[2020-06-27 11:11:32] [INFO] [chatbot.views] [PID:11691_140703217604352]--> user: image provided
[2020-06-27 11:11:32] [INFO] [chatbot.views] [PID:11691_140703217604352]--> user: user_stage: 2
[2020-06-27 11:11:32] [INFO] [chatbot.views] [PID:11691_140703217604352]--> user: user_process_running: False
[2020-06-27 11:11:32] [INFO] [chatbot.views] [PID:11691_140703217604352]--> bot: Type start to begin
[2020-06-27 11:11:34] [INFO] [chatbot.views] [PID:11691_140703217604352]--> <QueryDict: {'text': ['start']}>
[2020-06-27 11:11:34] [INFO] [chatbot.views] [PID:11691_140703217604352]--> user: start
[2020-06-27 11:11:34] [INFO] [chatbot.views] [PID:11691_140703217604352]--> user: user_stage: 3
[2020-06-27 11:11:34] [INFO] [chatbot.views] [PID:11691_140703217604352]--> user: user_process_running: True
[2020-06-27 11:11:34] [INFO] [chatbot.views] [PID:11691_140703217604352]--> bot: Processing already underway.
[2020-06-27 11:14:00] [INFO] [chatbot.views] [PID:11774_140104476546816]--> <QueryDict: {'text': ['start']}>
[2020-06-27 11:14:00] [INFO] [chatbot.views] [PID:11774_140104476546816]--> user: start
[2020-06-27 11:14:00] [INFO] [chatbot.views] [PID:11774_140104476546816]--> user: user_stage: 3
[2020-06-27 11:14:00] [INFO] [chatbot.views] [PID:11774_140104476546816]--> user: user_process_running: True
[2020-06-27 11:14:00] [INFO] [chatbot.views] [PID:11774_140104476546816]--> bot: Processing already underway.
[2020-06-27 11:14:07] [INFO] [chatbot.views] [PID:11774_140104476546816]--> <QueryDict: {'text': ['clear']}>
[2020-06-27 11:14:07] [INFO] [chatbot.views] [PID:11774_140104476546816]--> user: clear
[2020-06-27 11:14:07] [INFO] [chatbot.views] [PID:11774_140104476546816]--> user: user_stage: 0
[2020-06-27 11:14:07] [INFO] [chatbot.views] [PID:11774_140104476546816]--> user: user_process_running: False
[2020-06-27 11:14:07] [INFO] [chatbot.views] [PID:11774_140104476546816]--> bot: Search Operation clear.
[2020-06-27 11:14:09] [INFO] [chatbot.views] [PID:11774_140104476546816]--> <QueryDict: {'text': ['start']}>
[2020-06-27 11:14:09] [INFO] [chatbot.views] [PID:11774_140104476546816]--> user: start
[2020-06-27 11:14:09] [INFO] [chatbot.views] [PID:11774_140104476546816]--> user: user_stage: 0
[2020-06-27 11:14:09] [INFO] [chatbot.views] [PID:11774_140104476546816]--> user: user_process_running: False
[2020-06-27 11:14:09] [INFO] [chatbot.views] [PID:11774_140104476546816]--> bot: Please provide search query and image first
[2020-06-27 11:14:11] [INFO] [chatbot.views] [PID:11774_140104476546816]--> <QueryDict: {'text': ['asd']}>
[2020-06-27 11:14:11] [INFO] [chatbot.views] [PID:11774_140104476546816]--> user: asd
[2020-06-27 11:14:11] [INFO] [chatbot.views] [PID:11774_140104476546816]--> user: user_stage: 0
[2020-06-27 11:14:11] [INFO] [chatbot.views] [PID:11774_140104476546816]--> user: user_process_running: False
[2020-06-27 11:14:11] [INFO] [chatbot.views] [PID:11774_140104476546816]--> bot: You have provided the search term: asd, now please provide an image
[2020-06-27 11:14:17] [INFO] [chatbot.views] [PID:11774_140104476546816]--> <QueryDict: {'text': ['Image Provided']}>
[2020-06-27 11:14:17] [INFO] [chatbot.views] [PID:11774_140104476546816]--> user: image provided
[2020-06-27 11:14:17] [INFO] [chatbot.views] [PID:11774_140104476546816]--> user: user_stage: 2
[2020-06-27 11:14:17] [INFO] [chatbot.views] [PID:11774_140104476546816]--> user: user_process_running: False
[2020-06-27 11:14:17] [INFO] [chatbot.views] [PID:11774_140104476546816]--> bot: Type start to begin
[2020-06-27 11:14:19] [INFO] [chatbot.views] [PID:11774_140104476546816]--> <QueryDict: {'text': ['start']}>
[2020-06-27 11:14:19] [INFO] [chatbot.views] [PID:11774_140104476546816]--> user: start
[2020-06-27 11:14:19] [INFO] [chatbot.views] [PID:11774_140104476546816]--> user: user_stage: 3
[2020-06-27 11:14:19] [INFO] [chatbot.views] [PID:11774_140104476546816]--> user: user_process_running: False
[2020-06-27 11:14:19] [INFO] [chatbot.views] [PID:11774_140104476546816]--> bot: Processing Starting. We will inform you once completed
[2020-06-27 11:14:22] [INFO] [chatbot.views] [PID:11774_140104476546816]--> <QueryDict: {'text': ['start']}>
[2020-06-27 11:14:22] [INFO] [chatbot.views] [PID:11774_140104476546816]--> user: start
[2020-06-27 11:14:22] [INFO] [chatbot.views] [PID:11774_140104476546816]--> user: user_stage: 3
[2020-06-27 11:14:22] [INFO] [chatbot.views] [PID:11774_140104476546816]--> user: user_process_running: True
[2020-06-27 11:14:22] [INFO] [chatbot.views] [PID:11774_140104476546816]--> bot: Processing already underway.
[2020-06-27 11:14:24] [INFO] [chatbot.views] [PID:11774_140104476546816]--> <QueryDict: {'text': ['clear']}>
[2020-06-27 11:14:24] [INFO] [chatbot.views] [PID:11774_140104476546816]--> user: clear
[2020-06-27 11:14:24] [INFO] [chatbot.views] [PID:11774_140104476546816]--> user: user_stage: 0
[2020-06-27 11:14:24] [INFO] [chatbot.views] [PID:11774_140104476546816]--> user: user_process_running: False
[2020-06-27 11:14:24] [INFO] [chatbot.views] [PID:11774_140104476546816]--> bot: Search Operation clear.
[2020-06-27 11:14:25] [INFO] [chatbot.views] [PID:11774_140104476546816]--> <QueryDict: {'text': ['start']}>
[2020-06-27 11:14:25] [INFO] [chatbot.views] [PID:11774_140104476546816]--> user: start
[2020-06-27 11:14:25] [INFO] [chatbot.views] [PID:11774_140104476546816]--> user: user_stage: 0
[2020-06-27 11:14:25] [INFO] [chatbot.views] [PID:11774_140104476546816]--> user: user_process_running: False
[2020-06-27 11:14:25] [INFO] [chatbot.views] [PID:11774_140104476546816]--> bot: Please provide search query and image first
